<?xml version="1.0" encoding="UTF-8"?>
<testng-results total="4" passed="3" failed="1" skipped="0">
  <reporter-output>
  </reporter-output>
  <suite started-at="2019-01-29T20:08:18Z" name="Suite" finished-at="2019-01-29T20:14:10Z" duration-ms="351914">
    <groups>
    </groups>
    <test started-at="2019-01-29T20:08:18Z" name="Test" finished-at="2019-01-29T20:14:10Z" duration-ms="351914">
      <class name="publicTransportation.publicTransportation.SearchPageTest">
        <test-method is-config="true" signature="setUpBrowser()[pri:0, instance:publicTransportation.publicTransportation.SearchPageTest@77c2494c]" started-at="2019-01-29T12:08:18Z" name="setUpBrowser" finished-at="2019-01-29T12:08:21Z" duration-ms="2313" status="PASS">
          <reporter-output>
          </reporter-output>
        </test-method> <!-- setUpBrowser -->
        <test-method signature="getHTTPResponseCodeOfURL(java.lang.String)[pri:0, instance:publicTransportation.publicTransportation.SearchPageTest@77c2494c]" started-at="2019-01-29T12:08:21Z" name="getHTTPResponseCodeOfURL" finished-at="2019-01-29T12:08:21Z" duration-ms="0" status="FAIL">
          <exception class="org.testng.TestNGException">
            <message>
              <![CDATA[
Method getHTTPResponseCodeOfURL requires 1 parameters but 0 were supplied in the @Test annotation.]]>
            </message>
            <full-stacktrace>
              <![CDATA[org.testng.TestNGException: 
Method getHTTPResponseCodeOfURL requires 1 parameters but 0 were supplied in the @Test annotation.
	at org.testng.internal.Parameters.checkParameterTypes(Parameters.java:198)
	at org.testng.internal.Parameters.createParameters(Parameters.java:134)
	at org.testng.internal.Parameters.createParameters(Parameters.java:370)
	at org.testng.internal.Parameters.handleParameters(Parameters.java:447)
	at org.testng.internal.Invoker.handleParameters(Invoker.java:1383)
	at org.testng.internal.Invoker.createParameters(Invoker.java:1075)
	at org.testng.internal.Invoker.invokeTestMethods(Invoker.java:1180)
	at org.testng.internal.TestMethodWorker.invokeTestMethods(TestMethodWorker.java:127)
	at org.testng.internal.TestMethodWorker.run(TestMethodWorker.java:111)
	at org.testng.TestRunner.privateRun(TestRunner.java:767)
	at org.testng.TestRunner.run(TestRunner.java:617)
	at org.testng.SuiteRunner.runTest(SuiteRunner.java:334)
	at org.testng.SuiteRunner.runSequentially(SuiteRunner.java:329)
	at org.testng.SuiteRunner.privateRun(SuiteRunner.java:291)
	at org.testng.SuiteRunner.run(SuiteRunner.java:240)
	at org.testng.SuiteRunnerWorker.runSuite(SuiteRunnerWorker.java:52)
	at org.testng.SuiteRunnerWorker.run(SuiteRunnerWorker.java:86)
	at org.testng.TestNG.runSuitesSequentially(TestNG.java:1198)
	at org.testng.TestNG.runSuitesLocally(TestNG.java:1123)
	at org.testng.TestNG.run(TestNG.java:1031)
	at org.testng.remote.AbstractRemoteTestNG.run(AbstractRemoteTestNG.java:114)
	at org.testng.remote.RemoteTestNG.initAndRun(RemoteTestNG.java:251)
	at org.testng.remote.RemoteTestNG.main(RemoteTestNG.java:77)
]]>
            </full-stacktrace>
          </exception> <!-- org.testng.TestNGException -->
          <reporter-output>
          </reporter-output>
        </test-method> <!-- getHTTPResponseCodeOfURL -->
        <test-method signature="SearchByCity()[pri:0, instance:publicTransportation.publicTransportation.SearchPageTest@77c2494c]" started-at="2019-01-29T12:08:21Z" name="SearchByCity" finished-at="2019-01-29T12:10:21Z" duration-ms="120574" status="PASS">
          <reporter-output>
          </reporter-output>
        </test-method> <!-- SearchByCity -->
        <test-method signature="SearchByTIPID()[pri:0, instance:publicTransportation.publicTransportation.SearchPageTest@77c2494c]" started-at="2019-01-29T12:10:21Z" name="SearchByTIPID" finished-at="2019-01-29T12:12:16Z" duration-ms="114506" status="PASS">
          <reporter-output>
          </reporter-output>
        </test-method> <!-- SearchByTIPID -->
        <test-method signature="SearchByACTC()[pri:0, instance:publicTransportation.publicTransportation.SearchPageTest@77c2494c]" started-at="2019-01-29T12:12:16Z" name="SearchByACTC" finished-at="2019-01-29T12:14:10Z" duration-ms="114364" status="PASS">
          <reporter-output>
          </reporter-output>
        </test-method> <!-- SearchByACTC -->
        <test-method is-config="true" signature="closeBrowser()[pri:0, instance:publicTransportation.publicTransportation.SearchPageTest@77c2494c]" started-at="2019-01-29T12:14:10Z" name="closeBrowser" finished-at="2019-01-29T12:14:10Z" duration-ms="130" status="PASS">
          <reporter-output>
          </reporter-output>
        </test-method> <!-- closeBrowser -->
      </class> <!-- publicTransportation.publicTransportation.SearchPageTest -->
    </test> <!-- Test -->
  </suite> <!-- Suite -->
</testng-results>
