<?xml version="1.0" encoding="UTF-8"?>
<!-- Generated by org.testng.reporters.JUnitXMLReporter -->
<testsuite hostname="admins-MacBook-Pro.local" failures="0" tests="4" name="Test" time="351.914" errors="0" timestamp="29 Jan 2019 20:14:10 GMT">
  <testcase classname="publicTransportation.publicTransportation.SearchPageTest" name="getHTTPResponseCodeOfURL" time="0.002">
    <skipped/>
  </testcase> <!-- getHTTPResponseCodeOfURL -->
  <testcase classname="publicTransportation.publicTransportation.SearchPageTest" name="SearchByCity" time="120.574"/>
  <testcase classname="publicTransportation.publicTransportation.SearchPageTest" name="SearchByTIPID" time="114.506"/>
  <testcase classname="publicTransportation.publicTransportation.SearchPageTest" name="SearchByACTC" time="114.364"/>
</testsuite> <!-- Test -->
